<?xml version="1.0" encoding="UTF-8"?>
<!-- Generated by org.testng.reporters.JUnitReportReporter -->
<testsuite hostname="Abhi2" failures="0" tests="3" name="Selenium.JenkinsTestNg.DemoLoginOrangeHRM" time="32.873" errors="0" timestamp="2024-11-06T17:26:41 IST" skipped="0">
  <testcase classname="Selenium.JenkinsTestNg.DemoLoginOrangeHRM" name="DemoTC01" time="9.064"/>
  <testcase classname="Selenium.JenkinsTestNg.DemoLoginOrangeHRM" name="demoLogin" time="14.780"/>
  <testcase classname="Selenium.JenkinsTestNg.DemoLoginOrangeHRM" name="DemoTC02" time="9.029"/>
</testsuite> <!-- Selenium.JenkinsTestNg.DemoLoginOrangeHRM -->
