<?xml version="1.0" encoding="UTF-8"?>
<!-- Generated by org.testng.reporters.JUnitReportReporter -->
<testsuite hostname="Abhi2" failures="0" tests="1" name="Selenium.JenkinsTestNg.DemoLoginOrangeHRM" time="9.120" errors="0" timestamp="2024-11-06T12:01:10 IST" skipped="0">
  <testcase classname="Selenium.JenkinsTestNg.DemoLoginOrangeHRM" name="demoLogin" time="9.120"/>
</testsuite> <!-- Selenium.JenkinsTestNg.DemoLoginOrangeHRM -->
